Determining if the pthread_create exist failed with the following output:
Change Dir: /home/lsy/catkin_ws/build/CMakeFiles/CMakeTmp

Run Build Command:"/usr/bin/make" "cmTC_c912e/fast"
/usr/bin/make -f CMakeFiles/cmTC_c912e.dir/build.make CMakeFiles/cmTC_c912e.dir/build
make[1]: 进入目录“/home/lsy/catkin_ws/build/CMakeFiles/CMakeTmp”
Building C object CMakeFiles/cmTC_c912e.dir/CheckSymbolExists.c.o
/usr/bin/cc    -o CMakeFiles/cmTC_c912e.dir/CheckSymbolExists.c.o   -c /home/lsy/catkin_ws/build/CMakeFiles/CMakeTmp/CheckSymbolExists.c
Linking C executable cmTC_c912e
/usr/bin/cmake -E cmake_link_script CMakeFiles/cmTC_c912e.dir/link.txt --verbose=1
/usr/bin/cc      -rdynamic CMakeFiles/cmTC_c912e.dir/CheckSymbolExists.c.o  -o cmTC_c912e 
CMakeFiles/cmTC_c912e.dir/CheckSymbolExists.c.o：在函数‘main’中：
CheckSymbolExists.c:(.text+0x1b)：对‘pthread_create’未定义的引用
collect2: error: ld returned 1 exit status
CMakeFiles/cmTC_c912e.dir/build.make:97: recipe for target 'cmTC_c912e' failed
make[1]: *** [cmTC_c912e] Error 1
make[1]: 离开目录“/home/lsy/catkin_ws/build/CMakeFiles/CMakeTmp”
Makefile:126: recipe for target 'cmTC_c912e/fast' failed
make: *** [cmTC_c912e/fast] Error 2

File /home/lsy/catkin_ws/build/CMakeFiles/CMakeTmp/CheckSymbolExists.c:
/* */
#include <pthread.h>

int main(int argc, char** argv)
{
  (void)argv;
#ifndef pthread_create
  return ((int*)(&pthread_create))[argc];
#else
  (void)argc;
  return 0;
#endif
}

Determining if the function pthread_create exists in the pthreads failed with the following output:
Change Dir: /home/lsy/catkin_ws/build/CMakeFiles/CMakeTmp

Run Build Command:"/usr/bin/make" "cmTC_a1422/fast"
/usr/bin/make -f CMakeFiles/cmTC_a1422.dir/build.make CMakeFiles/cmTC_a1422.dir/build
make[1]: 进入目录“/home/lsy/catkin_ws/build/CMakeFiles/CMakeTmp”
Building C object CMakeFiles/cmTC_a1422.dir/CheckFunctionExists.c.o
/usr/bin/cc   -DCHECK_FUNCTION_EXISTS=pthread_create   -o CMakeFiles/cmTC_a1422.dir/CheckFunctionExists.c.o   -c /usr/share/cmake-3.10/Modules/CheckFunctionExists.c
Linking C executable cmTC_a1422
/usr/bin/cmake -E cmake_link_script CMakeFiles/cmTC_a1422.dir/link.txt --verbose=1
/usr/bin/cc  -DCHECK_FUNCTION_EXISTS=pthread_create    -rdynamic CMakeFiles/cmTC_a1422.dir/CheckFunctionExists.c.o  -o cmTC_a1422 -lpthreads 
/usr/bin/ld: 找不到 -lpthreads
collect2: error: ld returned 1 exit status
CMakeFiles/cmTC_a1422.dir/build.make:97: recipe for target 'cmTC_a1422' failed
make[1]: *** [cmTC_a1422] Error 1
make[1]: 离开目录“/home/lsy/catkin_ws/build/CMakeFiles/CMakeTmp”
Makefile:126: recipe for target 'cmTC_a1422/fast' failed
make: *** [cmTC_a1422/fast] Error 2


Determining if the Q_WS_WIN exist failed with the following output:
Change Dir: /home/lsy/catkin_ws/build/CMakeFiles/CMakeTmp

Run Build Command:"/usr/bin/make" "cmTC_2a335/fast"
/usr/bin/make -f CMakeFiles/cmTC_2a335.dir/build.make CMakeFiles/cmTC_2a335.dir/build
make[1]: 进入目录“/home/lsy/catkin_ws/build/CMakeFiles/CMakeTmp”
Building CXX object CMakeFiles/cmTC_2a335.dir/CheckSymbolExists.cxx.o
/usr/bin/c++   -I/usr/include/qt4   -o CMakeFiles/cmTC_2a335.dir/CheckSymbolExists.cxx.o -c /home/lsy/catkin_ws/build/CMakeFiles/CMakeTmp/CheckSymbolExists.cxx
/home/lsy/catkin_ws/build/CMakeFiles/CMakeTmp/CheckSymbolExists.cxx: In function ‘int main(int, char**)’:
/home/lsy/catkin_ws/build/CMakeFiles/CMakeTmp/CheckSymbolExists.cxx:8:19: error: ‘Q_WS_WIN’ was not declared in this scope
   return ((int*)(&Q_WS_WIN))[argc];
                   ^~~~~~~~
/home/lsy/catkin_ws/build/CMakeFiles/CMakeTmp/CheckSymbolExists.cxx:8:19: note: suggested alternative: ‘Q_WS_X11’
   return ((int*)(&Q_WS_WIN))[argc];
                   ^~~~~~~~
                   Q_WS_X11
CMakeFiles/cmTC_2a335.dir/build.make:65: recipe for target 'CMakeFiles/cmTC_2a335.dir/CheckSymbolExists.cxx.o' failed
make[1]: *** [CMakeFiles/cmTC_2a335.dir/CheckSymbolExists.cxx.o] Error 1
make[1]: 离开目录“/home/lsy/catkin_ws/build/CMakeFiles/CMakeTmp”
Makefile:126: recipe for target 'cmTC_2a335/fast' failed
make: *** [cmTC_2a335/fast] Error 2

File /home/lsy/catkin_ws/build/CMakeFiles/CMakeTmp/CheckSymbolExists.cxx:
/* */
#include <QtCore/qglobal.h>

int main(int argc, char** argv)
{
  (void)argv;
#ifndef Q_WS_WIN
  return ((int*)(&Q_WS_WIN))[argc];
#else
  (void)argc;
  return 0;
#endif
}

Determining if the Q_WS_QWS exist failed with the following output:
Change Dir: /home/lsy/catkin_ws/build/CMakeFiles/CMakeTmp

Run Build Command:"/usr/bin/make" "cmTC_2931c/fast"
/usr/bin/make -f CMakeFiles/cmTC_2931c.dir/build.make CMakeFiles/cmTC_2931c.dir/build
make[1]: 进入目录“/home/lsy/catkin_ws/build/CMakeFiles/CMakeTmp”
Building CXX object CMakeFiles/cmTC_2931c.dir/CheckSymbolExists.cxx.o
/usr/bin/c++   -I/usr/include/qt4   -o CMakeFiles/cmTC_2931c.dir/CheckSymbolExists.cxx.o -c /home/lsy/catkin_ws/build/CMakeFiles/CMakeTmp/CheckSymbolExists.cxx
/home/lsy/catkin_ws/build/CMakeFiles/CMakeTmp/CheckSymbolExists.cxx: In function ‘int main(int, char**)’:
/home/lsy/catkin_ws/build/CMakeFiles/CMakeTmp/CheckSymbolExists.cxx:8:19: error: ‘Q_WS_QWS’ was not declared in this scope
   return ((int*)(&Q_WS_QWS))[argc];
                   ^~~~~~~~
/home/lsy/catkin_ws/build/CMakeFiles/CMakeTmp/CheckSymbolExists.cxx:8:19: note: suggested alternative: ‘Q_WS_X11’
   return ((int*)(&Q_WS_QWS))[argc];
                   ^~~~~~~~
                   Q_WS_X11
CMakeFiles/cmTC_2931c.dir/build.make:65: recipe for target 'CMakeFiles/cmTC_2931c.dir/CheckSymbolExists.cxx.o' failed
make[1]: *** [CMakeFiles/cmTC_2931c.dir/CheckSymbolExists.cxx.o] Error 1
make[1]: 离开目录“/home/lsy/catkin_ws/build/CMakeFiles/CMakeTmp”
Makefile:126: recipe for target 'cmTC_2931c/fast' failed
make: *** [cmTC_2931c/fast] Error 2

File /home/lsy/catkin_ws/build/CMakeFiles/CMakeTmp/CheckSymbolExists.cxx:
/* */
#include <QtCore/qglobal.h>

int main(int argc, char** argv)
{
  (void)argv;
#ifndef Q_WS_QWS
  return ((int*)(&Q_WS_QWS))[argc];
#else
  (void)argc;
  return 0;
#endif
}

Determining if the Q_WS_MAC exist failed with the following output:
Change Dir: /home/lsy/catkin_ws/build/CMakeFiles/CMakeTmp

Run Build Command:"/usr/bin/make" "cmTC_8caa1/fast"
/usr/bin/make -f CMakeFiles/cmTC_8caa1.dir/build.make CMakeFiles/cmTC_8caa1.dir/build
make[1]: 进入目录“/home/lsy/catkin_ws/build/CMakeFiles/CMakeTmp”
Building CXX object CMakeFiles/cmTC_8caa1.dir/CheckSymbolExists.cxx.o
/usr/bin/c++   -I/usr/include/qt4   -o CMakeFiles/cmTC_8caa1.dir/CheckSymbolExists.cxx.o -c /home/lsy/catkin_ws/build/CMakeFiles/CMakeTmp/CheckSymbolExists.cxx
/home/lsy/catkin_ws/build/CMakeFiles/CMakeTmp/CheckSymbolExists.cxx: In function ‘int main(int, char**)’:
/home/lsy/catkin_ws/build/CMakeFiles/CMakeTmp/CheckSymbolExists.cxx:8:19: error: ‘Q_WS_MAC’ was not declared in this scope
   return ((int*)(&Q_WS_MAC))[argc];
                   ^~~~~~~~
/home/lsy/catkin_ws/build/CMakeFiles/CMakeTmp/CheckSymbolExists.cxx:8:19: note: suggested alternative: ‘Q_WS_X11’
   return ((int*)(&Q_WS_MAC))[argc];
                   ^~~~~~~~
                   Q_WS_X11
CMakeFiles/cmTC_8caa1.dir/build.make:65: recipe for target 'CMakeFiles/cmTC_8caa1.dir/CheckSymbolExists.cxx.o' failed
make[1]: *** [CMakeFiles/cmTC_8caa1.dir/CheckSymbolExists.cxx.o] Error 1
make[1]: 离开目录“/home/lsy/catkin_ws/build/CMakeFiles/CMakeTmp”
Makefile:126: recipe for target 'cmTC_8caa1/fast' failed
make: *** [cmTC_8caa1/fast] Error 2

File /home/lsy/catkin_ws/build/CMakeFiles/CMakeTmp/CheckSymbolExists.cxx:
/* */
#include <QtCore/qglobal.h>

int main(int argc, char** argv)
{
  (void)argv;
#ifndef Q_WS_MAC
  return ((int*)(&Q_WS_MAC))[argc];
#else
  (void)argc;
  return 0;
#endif
}

